<?xml version="1.0" encoding="UTF-8"?>
<testsuite name="org.example.MainTest" tests="21" skipped="0" failures="0" errors="0" timestamp="2023-09-20T20:52:26" hostname="DESKTOP-6SD0UPD" time="0.054">
  <properties/>
  <testcase name="startaBil()" classname="org.example.MainTest" time="0.019"/>
  <testcase name="bakBroms()" classname="org.example.MainTest" time="0.002"/>
  <testcase name="gasaTest()" classname="org.example.MainTest" time="0.001"/>
  <testcase name="lamporBatteri()" classname="org.example.MainTest" time="0.001"/>
  <testcase name="testBil()" classname="org.example.MainTest" time="0.001"/>
  <testcase name="laddaBatteri()" classname="org.example.MainTest" time="0.001"/>
  <testcase name="bromsa()" classname="org.example.MainTest" time="0.001"/>
  <testcase name="bromsljus()" classname="org.example.MainTest" time="0.001"/>
  <testcase name="testaLyse()" classname="org.example.MainTest" time="0.002"/>
  <testcase name="batteriSlutLampor()" classname="org.example.MainTest" time="0.001"/>
  <testcase name="avStendBild()" classname="org.example.MainTest" time="0.004"/>
  <testcase name="maxHastighet()" classname="org.example.MainTest" time="0.001"/>
  <testcase name="varningsBlinkers()" classname="org.example.MainTest" time="0.001"/>
  <testcase name="harBatteri()" classname="org.example.MainTest" time="0.001"/>
  <testcase name="lyse()" classname="org.example.MainTest" time="0.0"/>
  <testcase name="vaxel()" classname="org.example.MainTest" time="0.001"/>
  <testcase name="helOrHalv()" classname="org.example.MainTest" time="0.0"/>
  <testcase name="varningsBlinkersBatteri()" classname="org.example.MainTest" time="0.001"/>
  <testcase name="bakLyseTest()" classname="org.example.MainTest" time="0.001"/>
  <testcase name="batteriDras()" classname="org.example.MainTest" time="0.001"/>
  <testcase name="batteriSlut()" classname="org.example.MainTest" time="0.0"/>
  <system-out><![CDATA[Bilen Ã¤r igÃ¥ng
]]></system-out>
  <system-err><![CDATA[]]></system-err>
</testsuite>
